The target system is: Android - 22 - i686
The host system is: Darwin - 16.1.0 - x86_64
Determining if the C compiler works passed with the following output:
Change Dir: /Users/jyadav/AndroidStudioProjects/EncryptionAlgorithms/app/.externalNativeBuild/cmake/release/x86/CMakeFiles/CMakeTmp

Run Build Command:"/Users/jyadav/Library/Android/sdk/cmake/3.6.3155560/bin/ninja" "cmTC_a243f"
[1/2] Building C object CMakeFiles/cmTC_a243f.dir/testCCompiler.c.o
[2/2] Linking C executable cmTC_a243f


Detecting C compiler ABI info compiled with the following output:
Change Dir: /Users/jyadav/AndroidStudioProjects/EncryptionAlgorithms/app/.externalNativeBuild/cmake/release/x86/CMakeFiles/CMakeTmp

Run Build Command:"/Users/jyadav/Library/Android/sdk/cmake/3.6.3155560/bin/ninja" "cmTC_66e8e"
[1/2] Building C object CMakeFiles/cmTC_66e8e.dir/CMakeCCompilerABI.c.o
[2/2] Linking C executable cmTC_66e8e
Android clang version 3.8.256229  (based on LLVM 3.8.256229)
Target: i686-none-linux-android
Thread model: posix
InstalledDir: /Users/jyadav/Library/Android/sdk/ndk-bundle/toolchains/llvm/prebuilt/darwin-x86_64/bin
Found candidate GCC installation: /Users/jyadav/Library/Android/sdk/ndk-bundle/toolchains/x86-4.9/prebuilt/darwin-x86_64/lib/gcc/i686-linux-android/4.9.x
Selected GCC installation: /Users/jyadav/Library/Android/sdk/ndk-bundle/toolchains/x86-4.9/prebuilt/darwin-x86_64/lib/gcc/i686-linux-android/4.9.x
Candidate multilib: .;@m32
Selected multilib: .;@m32
 "/Users/jyadav/Library/Android/sdk/ndk-bundle/toolchains/x86-4.9/prebuilt/darwin-x86_64/lib/gcc/i686-linux-android/4.9.x/../../../../i686-linux-android/bin/ld" --sysroot=/Users/jyadav/Library/Android/sdk/ndk-bundle/platforms/android-22/arch-x86 -pie --eh-frame-hdr -m elf_i386 -dynamic-linker /system/bin/linker -o cmTC_66e8e /Users/jyadav/Library/Android/sdk/ndk-bundle/platforms/android-22/arch-x86/usr/lib/crtbegin_dynamic.o -L/Users/jyadav/Library/Android/sdk/ndk-bundle/toolchains/x86-4.9/prebuilt/darwin-x86_64/lib/gcc/i686-linux-android/4.9.x -L/Users/jyadav/Library/Android/sdk/ndk-bundle/toolchains/x86-4.9/prebuilt/darwin-x86_64/lib/gcc/i686-linux-android/4.9.x/../../../../i686-linux-android/lib -L/Users/jyadav/Library/Android/sdk/ndk-bundle/platforms/android-22/arch-x86/usr/lib --build-id --warn-shared-textrel --fatal-warnings --no-undefined -z noexecstack -z relro -z now --gc-sections -z nocopyreloc --build-id --warn-shared-textrel --fatal-warnings --no-undefined -z noexecstack -z relro -z now --gc-sections -z nocopyreloc CMakeFiles/cmTC_66e8e.dir/CMakeCCompilerABI.c.o -lgcc -ldl -lc -lgcc -ldl /Users/jyadav/Library/Android/sdk/ndk-bundle/platforms/android-22/arch-x86/usr/lib/crtend_android.o


Parsed C implicit link information from above output:
  link line regex: [^( *|.*[/\])(i686-linux-android-ld|([^/\]+-)?ld|collect2)[^/\]*( |$)]
  ignore line: [Change Dir: /Users/jyadav/AndroidStudioProjects/EncryptionAlgorithms/app/.externalNativeBuild/cmake/release/x86/CMakeFiles/CMakeTmp]
  ignore line: []
  ignore line: [Run Build Command:"/Users/jyadav/Library/Android/sdk/cmake/3.6.3155560/bin/ninja" "cmTC_66e8e"]
  ignore line: [[1/2] Building C object CMakeFiles/cmTC_66e8e.dir/CMakeCCompilerABI.c.o]
  ignore line: [[2/2] Linking C executable cmTC_66e8e]
  ignore line: [Android clang version 3.8.256229  (based on LLVM 3.8.256229)]
  ignore line: [Target: i686-none-linux-android]
  ignore line: [Thread model: posix]
  ignore line: [InstalledDir: /Users/jyadav/Library/Android/sdk/ndk-bundle/toolchains/llvm/prebuilt/darwin-x86_64/bin]
  ignore line: [Found candidate GCC installation: /Users/jyadav/Library/Android/sdk/ndk-bundle/toolchains/x86-4.9/prebuilt/darwin-x86_64/lib/gcc/i686-linux-android/4.9.x]
  ignore line: [Selected GCC installation: /Users/jyadav/Library/Android/sdk/ndk-bundle/toolchains/x86-4.9/prebuilt/darwin-x86_64/lib/gcc/i686-linux-android/4.9.x]
  ignore line: [Candidate multilib: .]
  ignore line: [@m32]
  ignore line: [Selected multilib: .]
  ignore line: [@m32]
  link line: [ "/Users/jyadav/Library/Android/sdk/ndk-bundle/toolchains/x86-4.9/prebuilt/darwin-x86_64/lib/gcc/i686-linux-android/4.9.x/../../../../i686-linux-android/bin/ld" --sysroot=/Users/jyadav/Library/Android/sdk/ndk-bundle/platforms/android-22/arch-x86 -pie --eh-frame-hdr -m elf_i386 -dynamic-linker /system/bin/linker -o cmTC_66e8e /Users/jyadav/Library/Android/sdk/ndk-bundle/platforms/android-22/arch-x86/usr/lib/crtbegin_dynamic.o -L/Users/jyadav/Library/Android/sdk/ndk-bundle/toolchains/x86-4.9/prebuilt/darwin-x86_64/lib/gcc/i686-linux-android/4.9.x -L/Users/jyadav/Library/Android/sdk/ndk-bundle/toolchains/x86-4.9/prebuilt/darwin-x86_64/lib/gcc/i686-linux-android/4.9.x/../../../../i686-linux-android/lib -L/Users/jyadav/Library/Android/sdk/ndk-bundle/platforms/android-22/arch-x86/usr/lib --build-id --warn-shared-textrel --fatal-warnings --no-undefined -z noexecstack -z relro -z now --gc-sections -z nocopyreloc --build-id --warn-shared-textrel --fatal-warnings --no-undefined -z noexecstack -z relro -z now --gc-sections -z nocopyreloc CMakeFiles/cmTC_66e8e.dir/CMakeCCompilerABI.c.o -lgcc -ldl -lc -lgcc -ldl /Users/jyadav/Library/Android/sdk/ndk-bundle/platforms/android-22/arch-x86/usr/lib/crtend_android.o]
    arg [/Users/jyadav/Library/Android/sdk/ndk-bundle/toolchains/x86-4.9/prebuilt/darwin-x86_64/lib/gcc/i686-linux-android/4.9.x/../../../../i686-linux-android/bin/ld] ==> ignore
    arg [--sysroot=/Users/jyadav/Library/Android/sdk/ndk-bundle/platforms/android-22/arch-x86] ==> ignore
    arg [-pie] ==> ignore
    arg [--eh-frame-hdr] ==> ignore
    arg [-m] ==> ignore
    arg [elf_i386] ==> ignore
    arg [-dynamic-linker] ==> ignore
    arg [/system/bin/linker] ==> ignore
    arg [-o] ==> ignore
    arg [cmTC_66e8e] ==> ignore
    arg [/Users/jyadav/Library/Android/sdk/ndk-bundle/platforms/android-22/arch-x86/usr/lib/crtbegin_dynamic.o] ==> ignore
    arg [-L/Users/jyadav/Library/Android/sdk/ndk-bundle/toolchains/x86-4.9/prebuilt/darwin-x86_64/lib/gcc/i686-linux-android/4.9.x] ==> dir [/Users/jyadav/Library/Android/sdk/ndk-bundle/toolchains/x86-4.9/prebuilt/darwin-x86_64/lib/gcc/i686-linux-android/4.9.x]
    arg [-L/Users/jyadav/Library/Android/sdk/ndk-bundle/toolchains/x86-4.9/prebuilt/darwin-x86_64/lib/gcc/i686-linux-android/4.9.x/../../../../i686-linux-android/lib] ==> dir [/Users/jyadav/Library/Android/sdk/ndk-bundle/toolchains/x86-4.9/prebuilt/darwin-x86_64/lib/gcc/i686-linux-android/4.9.x/../../../../i686-linux-android/lib]
    arg [-L/Users/jyadav/Library/Android/sdk/ndk-bundle/platforms/android-22/arch-x86/usr/lib] ==> dir [/Users/jyadav/Library/Android/sdk/ndk-bundle/platforms/android-22/arch-x86/usr/lib]
    arg [--build-id] ==> ignore
    arg [--warn-shared-textrel] ==> ignore
    arg [--fatal-warnings] ==> ignore
    arg [--no-undefined] ==> ignore
    arg [-znoexecstack] ==> ignore
    arg [-zrelro] ==> ignore
    arg [-znow] ==> ignore
    arg [--gc-sections] ==> ignore
    arg [-znocopyreloc] ==> ignore
    arg [--build-id] ==> ignore
    arg [--warn-shared-textrel] ==> ignore
    arg [--fatal-warnings] ==> ignore
    arg [--no-undefined] ==> ignore
    arg [-znoexecstack] ==> ignore
    arg [-zrelro] ==> ignore
    arg [-znow] ==> ignore
    arg [--gc-sections] ==> ignore
    arg [-znocopyreloc] ==> ignore
    arg [CMakeFiles/cmTC_66e8e.dir/CMakeCCompilerABI.c.o] ==> ignore
    arg [-lgcc] ==> lib [gcc]
    arg [-ldl] ==> lib [dl]
    arg [-lc] ==> lib [c]
    arg [-lgcc] ==> lib [gcc]
    arg [-ldl] ==> lib [dl]
    arg [/Users/jyadav/Library/Android/sdk/ndk-bundle/platforms/android-22/arch-x86/usr/lib/crtend_android.o] ==> ignore
  remove lib [gcc]
  remove lib [gcc]
  collapse library dir [/Users/jyadav/Library/Android/sdk/ndk-bundle/toolchains/x86-4.9/prebuilt/darwin-x86_64/lib/gcc/i686-linux-android/4.9.x] ==> [/Users/jyadav/Library/Android/sdk/ndk-bundle/toolchains/x86-4.9/prebuilt/darwin-x86_64/lib/gcc/i686-linux-android/4.9.x]
  collapse library dir [/Users/jyadav/Library/Android/sdk/ndk-bundle/toolchains/x86-4.9/prebuilt/darwin-x86_64/lib/gcc/i686-linux-android/4.9.x/../../../../i686-linux-android/lib] ==> [/Users/jyadav/Library/Android/sdk/ndk-bundle/toolchains/x86-4.9/prebuilt/darwin-x86_64/i686-linux-android/lib]
  collapse library dir [/Users/jyadav/Library/Android/sdk/ndk-bundle/platforms/android-22/arch-x86/usr/lib] ==> [/Users/jyadav/Library/Android/sdk/ndk-bundle/platforms/android-22/arch-x86/usr/lib]
  implicit libs: [dl;c;dl]
  implicit dirs: [/Users/jyadav/Library/Android/sdk/ndk-bundle/toolchains/x86-4.9/prebuilt/darwin-x86_64/lib/gcc/i686-linux-android/4.9.x;/Users/jyadav/Library/Android/sdk/ndk-bundle/toolchains/x86-4.9/prebuilt/darwin-x86_64/i686-linux-android/lib;/Users/jyadav/Library/Android/sdk/ndk-bundle/platforms/android-22/arch-x86/usr/lib]
  implicit fwks: []


Determining if the CXX compiler works passed with the following output:
Change Dir: /Users/jyadav/AndroidStudioProjects/EncryptionAlgorithms/app/.externalNativeBuild/cmake/release/x86/CMakeFiles/CMakeTmp

Run Build Command:"/Users/jyadav/Library/Android/sdk/cmake/3.6.3155560/bin/ninja" "cmTC_c3997"
[1/2] Building CXX object CMakeFiles/cmTC_c3997.dir/testCXXCompiler.cxx.o
[2/2] Linking CXX executable cmTC_c3997


Detecting CXX compiler ABI info compiled with the following output:
Change Dir: /Users/jyadav/AndroidStudioProjects/EncryptionAlgorithms/app/.externalNativeBuild/cmake/release/x86/CMakeFiles/CMakeTmp

Run Build Command:"/Users/jyadav/Library/Android/sdk/cmake/3.6.3155560/bin/ninja" "cmTC_1d0be"
[1/2] Building CXX object CMakeFiles/cmTC_1d0be.dir/CMakeCXXCompilerABI.cpp.o
[2/2] Linking CXX executable cmTC_1d0be
Android clang version 3.8.256229  (based on LLVM 3.8.256229)
Target: i686-none-linux-android
Thread model: posix
InstalledDir: /Users/jyadav/Library/Android/sdk/ndk-bundle/toolchains/llvm/prebuilt/darwin-x86_64/bin
Found candidate GCC installation: /Users/jyadav/Library/Android/sdk/ndk-bundle/toolchains/x86-4.9/prebuilt/darwin-x86_64/lib/gcc/i686-linux-android/4.9.x
Selected GCC installation: /Users/jyadav/Library/Android/sdk/ndk-bundle/toolchains/x86-4.9/prebuilt/darwin-x86_64/lib/gcc/i686-linux-android/4.9.x
Candidate multilib: .;@m32
Selected multilib: .;@m32
 "/Users/jyadav/Library/Android/sdk/ndk-bundle/toolchains/x86-4.9/prebuilt/darwin-x86_64/lib/gcc/i686-linux-android/4.9.x/../../../../i686-linux-android/bin/ld" --sysroot=/Users/jyadav/Library/Android/sdk/ndk-bundle/platforms/android-22/arch-x86 -pie --eh-frame-hdr -m elf_i386 -dynamic-linker /system/bin/linker -o cmTC_1d0be /Users/jyadav/Library/Android/sdk/ndk-bundle/platforms/android-22/arch-x86/usr/lib/crtbegin_dynamic.o -L/Users/jyadav/Library/Android/sdk/ndk-bundle/toolchains/x86-4.9/prebuilt/darwin-x86_64/lib/gcc/i686-linux-android/4.9.x -L/Users/jyadav/Library/Android/sdk/ndk-bundle/toolchains/x86-4.9/prebuilt/darwin-x86_64/lib/gcc/i686-linux-android/4.9.x/../../../../i686-linux-android/lib -L/Users/jyadav/Library/Android/sdk/ndk-bundle/platforms/android-22/arch-x86/usr/lib --build-id --warn-shared-textrel --fatal-warnings --no-undefined -z noexecstack -z relro -z now --gc-sections -z nocopyreloc --build-id --warn-shared-textrel --fatal-warnings --no-undefined -z noexecstack -z relro -z now --gc-sections -z nocopyreloc CMakeFiles/cmTC_1d0be.dir/CMakeCXXCompilerABI.cpp.o -lstdc++ -lm -lgcc -lgcc -ldl -lc -lgcc -lgcc -ldl /Users/jyadav/Library/Android/sdk/ndk-bundle/platforms/android-22/arch-x86/usr/lib/crtend_android.o


Parsed CXX implicit link information from above output:
  link line regex: [^( *|.*[/\])(i686-linux-android-ld|([^/\]+-)?ld|collect2)[^/\]*( |$)]
  ignore line: [Change Dir: /Users/jyadav/AndroidStudioProjects/EncryptionAlgorithms/app/.externalNativeBuild/cmake/release/x86/CMakeFiles/CMakeTmp]
  ignore line: []
  ignore line: [Run Build Command:"/Users/jyadav/Library/Android/sdk/cmake/3.6.3155560/bin/ninja" "cmTC_1d0be"]
  ignore line: [[1/2] Building CXX object CMakeFiles/cmTC_1d0be.dir/CMakeCXXCompilerABI.cpp.o]
  ignore line: [[2/2] Linking CXX executable cmTC_1d0be]
  ignore line: [Android clang version 3.8.256229  (based on LLVM 3.8.256229)]
  ignore line: [Target: i686-none-linux-android]
  ignore line: [Thread model: posix]
  ignore line: [InstalledDir: /Users/jyadav/Library/Android/sdk/ndk-bundle/toolchains/llvm/prebuilt/darwin-x86_64/bin]
  ignore line: [Found candidate GCC installation: /Users/jyadav/Library/Android/sdk/ndk-bundle/toolchains/x86-4.9/prebuilt/darwin-x86_64/lib/gcc/i686-linux-android/4.9.x]
  ignore line: [Selected GCC installation: /Users/jyadav/Library/Android/sdk/ndk-bundle/toolchains/x86-4.9/prebuilt/darwin-x86_64/lib/gcc/i686-linux-android/4.9.x]
  ignore line: [Candidate multilib: .]
  ignore line: [@m32]
  ignore line: [Selected multilib: .]
  ignore line: [@m32]
  link line: [ "/Users/jyadav/Library/Android/sdk/ndk-bundle/toolchains/x86-4.9/prebuilt/darwin-x86_64/lib/gcc/i686-linux-android/4.9.x/../../../../i686-linux-android/bin/ld" --sysroot=/Users/jyadav/Library/Android/sdk/ndk-bundle/platforms/android-22/arch-x86 -pie --eh-frame-hdr -m elf_i386 -dynamic-linker /system/bin/linker -o cmTC_1d0be /Users/jyadav/Library/Android/sdk/ndk-bundle/platforms/android-22/arch-x86/usr/lib/crtbegin_dynamic.o -L/Users/jyadav/Library/Android/sdk/ndk-bundle/toolchains/x86-4.9/prebuilt/darwin-x86_64/lib/gcc/i686-linux-android/4.9.x -L/Users/jyadav/Library/Android/sdk/ndk-bundle/toolchains/x86-4.9/prebuilt/darwin-x86_64/lib/gcc/i686-linux-android/4.9.x/../../../../i686-linux-android/lib -L/Users/jyadav/Library/Android/sdk/ndk-bundle/platforms/android-22/arch-x86/usr/lib --build-id --warn-shared-textrel --fatal-warnings --no-undefined -z noexecstack -z relro -z now --gc-sections -z nocopyreloc --build-id --warn-shared-textrel --fatal-warnings --no-undefined -z noexecstack -z relro -z now --gc-sections -z nocopyreloc CMakeFiles/cmTC_1d0be.dir/CMakeCXXCompilerABI.cpp.o -lstdc++ -lm -lgcc -lgcc -ldl -lc -lgcc -lgcc -ldl /Users/jyadav/Library/Android/sdk/ndk-bundle/platforms/android-22/arch-x86/usr/lib/crtend_android.o]
    arg [/Users/jyadav/Library/Android/sdk/ndk-bundle/toolchains/x86-4.9/prebuilt/darwin-x86_64/lib/gcc/i686-linux-android/4.9.x/../../../../i686-linux-android/bin/ld] ==> ignore
    arg [--sysroot=/Users/jyadav/Library/Android/sdk/ndk-bundle/platforms/android-22/arch-x86] ==> ignore
    arg [-pie] ==> ignore
    arg [--eh-frame-hdr] ==> ignore
    arg [-m] ==> ignore
    arg [elf_i386] ==> ignore
    arg [-dynamic-linker] ==> ignore
    arg [/system/bin/linker] ==> ignore
    arg [-o] ==> ignore
    arg [cmTC_1d0be] ==> ignore
    arg [/Users/jyadav/Library/Android/sdk/ndk-bundle/platforms/android-22/arch-x86/usr/lib/crtbegin_dynamic.o] ==> ignore
    arg [-L/Users/jyadav/Library/Android/sdk/ndk-bundle/toolchains/x86-4.9/prebuilt/darwin-x86_64/lib/gcc/i686-linux-android/4.9.x] ==> dir [/Users/jyadav/Library/Android/sdk/ndk-bundle/toolchains/x86-4.9/prebuilt/darwin-x86_64/lib/gcc/i686-linux-android/4.9.x]
    arg [-L/Users/jyadav/Library/Android/sdk/ndk-bundle/toolchains/x86-4.9/prebuilt/darwin-x86_64/lib/gcc/i686-linux-android/4.9.x/../../../../i686-linux-android/lib] ==> dir [/Users/jyadav/Library/Android/sdk/ndk-bundle/toolchains/x86-4.9/prebuilt/darwin-x86_64/lib/gcc/i686-linux-android/4.9.x/../../../../i686-linux-android/lib]
    arg [-L/Users/jyadav/Library/Android/sdk/ndk-bundle/platforms/android-22/arch-x86/usr/lib] ==> dir [/Users/jyadav/Library/Android/sdk/ndk-bundle/platforms/android-22/arch-x86/usr/lib]
    arg [--build-id] ==> ignore
    arg [--warn-shared-textrel] ==> ignore
    arg [--fatal-warnings] ==> ignore
    arg [--no-undefined] ==> ignore
    arg [-znoexecstack] ==> ignore
    arg [-zrelro] ==> ignore
    arg [-znow] ==> ignore
    arg [--gc-sections] ==> ignore
    arg [-znocopyreloc] ==> ignore
    arg [--build-id] ==> ignore
    arg [--warn-shared-textrel] ==> ignore
    arg [--fatal-warnings] ==> ignore
    arg [--no-undefined] ==> ignore
    arg [-znoexecstack] ==> ignore
    arg [-zrelro] ==> ignore
    arg [-znow] ==> ignore
    arg [--gc-sections] ==> ignore
    arg [-znocopyreloc] ==> ignore
    arg [CMakeFiles/cmTC_1d0be.dir/CMakeCXXCompilerABI.cpp.o] ==> ignore
    arg [-lstdc++] ==> lib [stdc++]
    arg [-lm] ==> lib [m]
    arg [-lgcc] ==> lib [gcc]
    arg [-lgcc] ==> lib [gcc]
    arg [-ldl] ==> lib [dl]
    arg [-lc] ==> lib [c]
    arg [-lgcc] ==> lib [gcc]
    arg [-lgcc] ==> lib [gcc]
    arg [-ldl] ==> lib [dl]
    arg [/Users/jyadav/Library/Android/sdk/ndk-bundle/platforms/android-22/arch-x86/usr/lib/crtend_android.o] ==> ignore
  remove lib [gcc]
  remove lib [gcc]
  remove lib [gcc]
  remove lib [gcc]
  collapse library dir [/Users/jyadav/Library/Android/sdk/ndk-bundle/toolchains/x86-4.9/prebuilt/darwin-x86_64/lib/gcc/i686-linux-android/4.9.x] ==> [/Users/jyadav/Library/Android/sdk/ndk-bundle/toolchains/x86-4.9/prebuilt/darwin-x86_64/lib/gcc/i686-linux-android/4.9.x]
  collapse library dir [/Users/jyadav/Library/Android/sdk/ndk-bundle/toolchains/x86-4.9/prebuilt/darwin-x86_64/lib/gcc/i686-linux-android/4.9.x/../../../../i686-linux-android/lib] ==> [/Users/jyadav/Library/Android/sdk/ndk-bundle/toolchains/x86-4.9/prebuilt/darwin-x86_64/i686-linux-android/lib]
  collapse library dir [/Users/jyadav/Library/Android/sdk/ndk-bundle/platforms/android-22/arch-x86/usr/lib] ==> [/Users/jyadav/Library/Android/sdk/ndk-bundle/platforms/android-22/arch-x86/usr/lib]
  implicit libs: [stdc++;m;dl;c;dl]
  implicit dirs: [/Users/jyadav/Library/Android/sdk/ndk-bundle/toolchains/x86-4.9/prebuilt/darwin-x86_64/lib/gcc/i686-linux-android/4.9.x;/Users/jyadav/Library/Android/sdk/ndk-bundle/toolchains/x86-4.9/prebuilt/darwin-x86_64/i686-linux-android/lib;/Users/jyadav/Library/Android/sdk/ndk-bundle/platforms/android-22/arch-x86/usr/lib]
  implicit fwks: []


